Added Pin To Net: NetName=PB10 Pin=JP1-8
Added Pin To Net: NetName=PB10 Pin=U1-21
Added Net: Name=PB10
Added Pin To Net: NetName=PB11 Pin=JP1-7
Added Pin To Net: NetName=PB11 Pin=U1-22
Added Net: Name=PB11
Added Pin To Net: NetName=PB12 Pin=JP1-6
Added Pin To Net: NetName=PB12 Pin=U1-25
Added Net: Name=PB12
Added Pin To Net: NetName=PB13 Pin=JP1-5
Added Pin To Net: NetName=PB13 Pin=U1-26
Added Net: Name=PB13
Added Pin To Net: NetName=PB14 Pin=JP1-4
Added Pin To Net: NetName=PB14 Pin=U1-27
Added Net: Name=PB14
Added Pin To Net: NetName=PB15 Pin=JP1-3
Added Pin To Net: NetName=PB15 Pin=U1-28
Added Net: Name=PB15
Added Room: Name=LCD
Added Room: Name=LORA
Added Room: Name=MCU
Added Room: Name=POWER
Added Room: Name=SENSOR
