Replace Part  Diode S4 in D:\File_phan_mem\ALTIUM\Gateway_WSN_2023_1\MCU.SchDoc with Diode S4 from THU VIEN SCH.SchLib
Replace Part C4 CapSMD in D:\File_phan_mem\ALTIUM\Gateway_WSN_2023_1\MCU.SchDoc with CapSMD from My Library.SchLib
Replace Part C5 CapSMD in D:\File_phan_mem\ALTIUM\Gateway_WSN_2023_1\MCU.SchDoc with CapSMD from My Library.SchLib
Replace Part C6 CapSMD in D:\File_phan_mem\ALTIUM\Gateway_WSN_2023_1\MCU.SchDoc with CapSMD from My Library.SchLib
Replace Part C7 CapSMD in D:\File_phan_mem\ALTIUM\Gateway_WSN_2023_1\MCU.SchDoc with CapSMD from My Library.SchLib
Replace Part C8 CapSMD in D:\File_phan_mem\ALTIUM\Gateway_WSN_2023_1\MCU.SchDoc with CapSMD from My Library.SchLib
Replace Part C9 CapSMD in D:\File_phan_mem\ALTIUM\Gateway_WSN_2023_1\MCU.SchDoc with CapSMD from My Library.SchLib
Replace Part IC1 ESP32-WROOM-32 in D:\File_phan_mem\ALTIUM\Gateway_WSN_2023_1\MCU.SchDoc with ESP32-WROOM-32 from My Library.SchLib
Replace Part J2 USB-5 in D:\File_phan_mem\ALTIUM\Gateway_WSN_2023_1\MCU.SchDoc with USB-5 from My Library.SchLib
Replace Part JP1 JP8 in D:\File_phan_mem\ALTIUM\Gateway_WSN_2023_1\MCU.SchDoc with JP8 from My Library.SchLib
Replace Part JP2 JP4 in D:\File_phan_mem\ALTIUM\Gateway_WSN_2023_1\MCU.SchDoc with JP4 from My Library.SchLib
Replace Part LED1 LED in D:\File_phan_mem\ALTIUM\Gateway_WSN_2023_1\MCU.SchDoc with LED from My Library.SchLib
Replace Part LED2 LED in D:\File_phan_mem\ALTIUM\Gateway_WSN_2023_1\MCU.SchDoc with LED from My Library.SchLib
Replace Part LED3 LED in D:\File_phan_mem\ALTIUM\Gateway_WSN_2023_1\MCU.SchDoc with LED from My Library.SchLib
Replace Part Q1 C1815 in D:\File_phan_mem\ALTIUM\Gateway_WSN_2023_1\MCU.SchDoc with C1815 from My Library.SchLib
Replace Part Q2 C1815 in D:\File_phan_mem\ALTIUM\Gateway_WSN_2023_1\MCU.SchDoc with C1815 from My Library.SchLib
Replace Part R1 RM in D:\File_phan_mem\ALTIUM\Gateway_WSN_2023_1\MCU.SchDoc with RM from My Library.SchLib
Replace Part R2 RM in D:\File_phan_mem\ALTIUM\Gateway_WSN_2023_1\MCU.SchDoc with RM from My Library.SchLib
Replace Part R3 RM in D:\File_phan_mem\ALTIUM\Gateway_WSN_2023_1\MCU.SchDoc with RM from My Library.SchLib
Replace Part R4 RM in D:\File_phan_mem\ALTIUM\Gateway_WSN_2023_1\MCU.SchDoc with RM from My Library.SchLib
Replace Part R5 Resistor - SMD in D:\File_phan_mem\ALTIUM\Gateway_WSN_2023_1\MCU.SchDoc with Resistor - SMD from My Library.SchLib
Replace Part R6 Resistor - SMD in D:\File_phan_mem\ALTIUM\Gateway_WSN_2023_1\MCU.SchDoc with Resistor - SMD from My Library.SchLib
Replace Part R7 Resistor - SMD in D:\File_phan_mem\ALTIUM\Gateway_WSN_2023_1\MCU.SchDoc with Resistor - SMD from My Library.SchLib
Replace Part R8 Resistor - SMD in D:\File_phan_mem\ALTIUM\Gateway_WSN_2023_1\MCU.SchDoc with Resistor - SMD from My Library.SchLib
Replace Part R9 Resistor - SMD in D:\File_phan_mem\ALTIUM\Gateway_WSN_2023_1\MCU.SchDoc with Resistor - SMD from My Library.SchLib
Replace Part R10 Resistor - SMD in D:\File_phan_mem\ALTIUM\Gateway_WSN_2023_1\MCU.SchDoc with Resistor - SMD from My Library.SchLib
Replace Part S1 SW-SMD in D:\File_phan_mem\ALTIUM\Gateway_WSN_2023_1\MCU.SchDoc with SW-SMD from My Library.SchLib
Replace Part S2 SW-SMD in D:\File_phan_mem\ALTIUM\Gateway_WSN_2023_1\MCU.SchDoc with SW-SMD from My Library.SchLib
Replace Part SW1 SW2 in D:\File_phan_mem\ALTIUM\Gateway_WSN_2023_1\MCU.SchDoc with SW2 from My Library.SchLib
Replace Part SW2 SW2 in D:\File_phan_mem\ALTIUM\Gateway_WSN_2023_1\MCU.SchDoc with SW2 from My Library.SchLib
Replace Part SW3 SW2 in D:\File_phan_mem\ALTIUM\Gateway_WSN_2023_1\MCU.SchDoc with SW2 from My Library.SchLib
Replace Part U3 CH340C in D:\File_phan_mem\ALTIUM\Gateway_WSN_2023_1\MCU.SchDoc with CH340C from My Library.SchLib
