Change Component Comment : Designator=R1 Old Comment=1K New Comment=10k
Change Component Comment : Designator=R2 Old Comment=1K New Comment=10K
Change Component Comment : Designator=R3 Old Comment=1K New Comment=10K
Change Component Comment : Designator=R4 Old Comment=1K New Comment=10k
Change Component Comment : Designator=C5 Old Comment=104 New Comment=10uF
Change Component Comment : Designator=C7 Old Comment=104 New Comment=10uF
Change Component Comment : Designator=C8 Old Comment=104 New Comment=10uF
Change Component Comment : Designator=C9 Old Comment=104 New Comment=10uF
Change Component Comment : Designator=C6 Old Comment=104 New Comment=100nF
Change Component Comment : Designator=C11 Old Comment=104 New Comment=100nF
Change Component Comment : Designator=C10 Old Comment=104 New Comment=220nF
Change Component Comment : Designator=C12 Old Comment=CAP_TAN_SMD New Comment=220uF
Change Component Comment : Designator=C13 Old Comment=CAP_TAN_SMD New Comment=220uF
Change Component Comment : Designator=R12 Old Comment=Resistor - SMD New Comment=1K
Change Component Comment : Designator=R5 Old Comment=Resistor - SMD New Comment=10K
Change Component Comment : Designator=R6 Old Comment=Resistor - SMD New Comment=10K
Change Component Comment : Designator=R7 Old Comment=Resistor - SMD New Comment=10K
Change Component Comment : Designator=R8 Old Comment=Resistor - SMD New Comment=10K
Change Component Comment : Designator=R9 Old Comment=Resistor - SMD New Comment=10K
Change Component Comment : Designator=R10 Old Comment=Resistor - SMD New Comment=10K
Added Member To Class: ClassName=MCU Member=Component IC1 ESP32-WROOM-32
Added Member To Class: ClassName=MCU Member=Component  S4
Added Member To Class: ClassName=LORA Member=Component U1 Ra-02 LoRa
Added Member To Class: ClassName=MCU Member=Component U3 CH340C
Added Room: Name=HMI
Added Room: Name=LORA
Added Room: Name=MCU
Added Room: Name=POWER
