Removed Pin From Net: NetName=GND Pin=J?-1
Removed Pin From Net: NetName=+5V Pin=J?-2
Removed Pin From Net: NetName=GPIO22 Pin=J?-3
Removed Pin From Net: NetName=GPIO21 Pin=J?-4
Removed Member From Class: ClassName=HMI Member=J?
Change Component Footprint: Designator=C7 Old Footprint=CAP_0805 New Footprint=CAP_0402
Change Component Footprint: Designator=C8 Old Footprint=CAP_0805 New Footprint=CAP_0402
Change Component Footprint: Designator=C9 Old Footprint=CAP_0805 New Footprint=CAP_0402
Change Component Footprint: Designator=LED1 Old Footprint=LED-0805-Orange New Footprint=LED-3
Change Component Footprint: Designator=LED2 Old Footprint=LED-0805-Orange New Footprint=LED-3
Change Component Footprint: Designator=LED3 Old Footprint=LED-0805-Orange New Footprint=LED-3
Change Component Footprint: Designator=R5 Old Footprint=RES-SMD-0805 New Footprint=RES-SMD-0101
Change Component Footprint: Designator=R6 Old Footprint=RES-SMD-0805 New Footprint=RES-SMD-0101
Change Component Footprint: Designator=R7 Old Footprint=RES-SMD-0805 New Footprint=RES-SMD-0101
Change Component Footprint: Designator=R8 Old Footprint=RES-SMD-0805 New Footprint=RES-SMD-0101
Change Component Footprint: Designator=R9 Old Footprint=RES-SMD-0805 New Footprint=RES-SMD-0101
Change Component Footprint: Designator=R10 Old Footprint=RES-SMD-0805 New Footprint=RES-SMD-0101
Change Component Comment : Designator=R1 Old Comment=10K New Comment=1K
Change Component Comment : Designator=R2 Old Comment=10K New Comment=1K
Change Component Comment : Designator=R5 Old Comment=10k New Comment=Resistor - SMD
Change Component Comment : Designator=R6 Old Comment=10k New Comment=Resistor - SMD
Change Component Comment : Designator=R7 Old Comment=10k New Comment=Resistor - SMD
Change Component Comment : Designator=R8 Old Comment=10k New Comment=Resistor - SMD
Change Component Comment : Designator=R9 Old Comment=10k New Comment=Resistor - SMD
Change Component Comment : Designator=R10 Old Comment=10k New Comment=Resistor - SMD
Change Component Comment : Designator=C1 Old Comment=10uF New Comment=104
Change Component Comment : Designator=C2 Old Comment=10uF New Comment=104
Change Component Comment : Designator=C4 Old Comment=10uF New Comment=104
Change Component Comment : Designator=C5 Old Comment=10uF New Comment=104
Change Component Comment : Designator=C7 Old Comment=10uF New Comment=104
Change Component Comment : Designator=C8 Old Comment=10uF New Comment=104
Change Component Comment : Designator=C9 Old Comment=10uF New Comment=104
Change Component Comment : Designator=C3 Old Comment=100nF New Comment=104
Change Component Comment : Designator=C6 Old Comment=100nF New Comment=104
Added Component: Designator=JP3(JP4-C1T)
Add component. Clean all parameters for all variants
Add component (AddParameter): Name = "ComponentLink1 Description"; Value = "Manufacturer"; VariantName = "[No Variations]"
Add component (AddParameter): Name = "ComponentLink1URL"; Value = "http://www.we-online.com"; VariantName = "[No Variations]"
Add component (AddParameter): Name = "ComponentLink2 Description"; Value = "Datasheet"; VariantName = "[No Variations]"
Add component (AddParameter): Name = "ComponentLink2URL"; Value = "http://katalog.we-online.de/em/datasheet/6130xx143121.pdf"; VariantName = "[No Variations]"
Add component (AddParameter): Name = "Created by"; Value = "Karrer Zheng"; VariantName = "[No Variations]"
Add component (AddParameter): Name = "Created Date"; Value = "29 March 2013"; VariantName = "[No Variations]"
Add component (AddParameter): Name = "Manufacturer"; Value = "W¨¹rth Elektronik eiSos GmbH"; VariantName = "[No Variations]"
Add component (AddParameter): Name = "NoPins"; Value = "04"; VariantName = "[No Variations]"
Add component (AddParameter): Name = "partNo"; Value = "613004143121"; VariantName = "[No Variations]"
Added Pin To Net: NetName=GND Pin=JP3-1
Added Pin To Net: NetName=+5V Pin=JP3-2
Added Pin To Net: NetName=GPIO22 Pin=JP3-3
Added Pin To Net: NetName=GPIO21 Pin=JP3-4
Added Member To Class: ClassName=HMI Member=Component JP3 JP4
